[    0.000000] Linux version 4.15.0-144-generic (buildd@lgw01-amd64-031) (gcc version 7.5.0 (Ubuntu 7.5.0-3ubuntu1~18.04)) #148-Ubuntu SMP Sat May 8 02:33:43 UTC 2021 (Ubuntu 4.15.0-144.148-generic 4.15.18)
[    0.000000] Command line: BOOT_IMAGE=/boot/vmlinuz-4.15.0-144-generic root=LABEL=cloudimg-rootfs ro console=tty1 console=ttyS0
[    0.000000] KERNEL supported cpus:
[    0.000000]   Intel GenuineIntel
[    0.000000]   AMD AuthenticAMD
[    0.000000]   Centaur CentaurHauls
[    0.000000] [Firmware Bug]: TSC doesn't count with P0 frequency!
[    0.000000] x86/fpu: Supporting XSAVE feature 0x001: 'x87 floating point registers'
[    0.000000] x86/fpu: Supporting XSAVE feature 0x002: 'SSE registers'
[    0.000000] x86/fpu: Supporting XSAVE feature 0x004: 'AVX registers'
[    0.000000] x86/fpu: xstate_offset[2]:  576, xstate_sizes[2]:  256
[    0.000000] x86/fpu: Enabled xstate features 0x7, context size is 832 bytes, using 'standard' format.
[    0.000000] e820: BIOS-provided physical RAM map:
[    0.000000] BIOS-e820: [mem 0x0000000000000000-0x000000000009fbff] usable
[    0.000000] BIOS-e820: [mem 0x000000000009fc00-0x000000000009ffff] reserved
[    0.000000] BIOS-e820: [mem 0x00000000000f0000-0x00000000000fffff] reserved
[    0.000000] BIOS-e820: [mem 0x0000000000100000-0x000000003ffeffff] usable
[    0.000000] BIOS-e820: [mem 0x000000003fff0000-0x000000003fffffff] ACPI data
[    0.000000] BIOS-e820: [mem 0x00000000fec00000-0x00000000fec00fff] reserved
[    0.000000] BIOS-e820: [mem 0x00000000fee00000-0x00000000fee00fff] reserved
[    0.000000] BIOS-e820: [mem 0x00000000fffc0000-0x00000000ffffffff] reserved
[    0.000000] NX (Execute Disable) protection: active
[    0.000000] SMBIOS 2.5 present.
[    0.000000] DMI: innotek GmbH VirtualBox/VirtualBox, BIOS VirtualBox 12/01/2006
[    0.000000] Hypervisor detected: KVM
[    0.000000] e820: last_pfn = 0x3fff0 max_arch_pfn = 0x400000000
[    0.000000] MTRR: Disabled
[    0.000000] x86/PAT: MTRRs disabled, skipping PAT initialization too.
[    0.000000] CPU MTRRs all blank - virtualized system.
[    0.000000] x86/PAT: Configuration [0-7]: WB  WT  UC- UC  WB  WT  UC- UC  
[    0.000000] found SMP MP-table at [mem 0x0009fff0-0x0009ffff]
[    0.000000] Scanning 1 areas for low memory corruption
[    0.000000] RAMDISK: [mem 0x359cf000-0x36cdefff]
[    0.000000] ACPI: Early table checksum verification disabled
[    0.000000] ACPI: RSDP 0x00000000000E0000 000024 (v02 VBOX  )
[    0.000000] ACPI: XSDT 0x000000003FFF0030 00003C (v01 VBOX   VBOXXSDT 00000001 ASL  00000061)
[    0.000000] ACPI: FACP 0x000000003FFF00F0 0000F4 (v04 VBOX   VBOXFACP 00000001 ASL  00000061)
[    0.000000] ACPI: DSDT 0x000000003FFF0470 002325 (v02 VBOX   VBOXBIOS 00000002 INTL 20100528)
[    0.000000] ACPI: FACS 0x000000003FFF0200 000040
[    0.000000] ACPI: FACS 0x000000003FFF0200 000040
[    0.000000] ACPI: APIC 0x000000003FFF0240 00005C (v02 VBOX   VBOXAPIC 00000001 ASL  00000061)
[    0.000000] ACPI: SSDT 0x000000003FFF02A0 0001CC (v01 VBOX   VBOXCPUT 00000002 INTL 20100528)
[    0.000000] No NUMA configuration found
[    0.000000] Faking a node at [mem 0x0000000000000000-0x000000003ffeffff]
[    0.000000] NODE_DATA(0) allocated [mem 0x3ffc5000-0x3ffeffff]
[    0.000000] kvm-clock: cpu 0, msr 0:3ff44001, primary cpu clock
[    0.000000] kvm-clock: Using msrs 4b564d01 and 4b564d00
[    0.000000] kvm-clock: using sched offset of 4701241497 cycles
[    0.000000] clocksource: kvm-clock: mask: 0xffffffffffffffff max_cycles: 0x1cd42e4dffb, max_idle_ns: 881590591483 ns
[    0.000000] Zone ranges:
[    0.000000]   DMA      [mem 0x0000000000001000-0x0000000000ffffff]
[    0.000000]   DMA32    [mem 0x0000000001000000-0x000000003ffeffff]
[    0.000000]   Normal   empty
[    0.000000]   Device   empty
[    0.000000] Movable zone start for each node
[    0.000000] Early memory node ranges
[    0.000000]   node   0: [mem 0x0000000000001000-0x000000000009efff]
[    0.000000]   node   0: [mem 0x0000000000100000-0x000000003ffeffff]
[    0.000000] Reserved but unavailable: 98 pages
[    0.000000] Initmem setup node 0 [mem 0x0000000000001000-0x000000003ffeffff]
[    0.000000] ACPI: PM-Timer IO Port: 0x4008
[    0.000000] IOAPIC[0]: apic_id 2, version 32, address 0xfec00000, GSI 0-23
[    0.000000] ACPI: INT_SRC_OVR (bus 0 bus_irq 0 global_irq 2 dfl dfl)
[    0.000000] ACPI: INT_SRC_OVR (bus 0 bus_irq 9 global_irq 9 low level)
[    0.000000] Using ACPI (MADT) for SMP configuration information
[    0.000000] smpboot: Allowing 2 CPUs, 0 hotplug CPUs
[    0.000000] PM: Registered nosave memory: [mem 0x00000000-0x00000fff]
[    0.000000] PM: Registered nosave memory: [mem 0x0009f000-0x0009ffff]
[    0.000000] PM: Registered nosave memory: [mem 0x000a0000-0x000effff]
[    0.000000] PM: Registered nosave memory: [mem 0x000f0000-0x000fffff]
[    0.000000] e820: [mem 0x40000000-0xfebfffff] available for PCI devices
[    0.000000] Booting paravirtualized kernel on KVM
[    0.000000] clocksource: refined-jiffies: mask: 0xffffffff max_cycles: 0xffffffff, max_idle_ns: 7645519600211568 ns
[    0.000000] random: get_random_bytes called from start_kernel+0x99/0x500 with crng_init=0
[    0.000000] setup_percpu: NR_CPUS:8192 nr_cpumask_bits:2 nr_cpu_ids:2 nr_node_ids:1
[    0.000000] percpu: Embedded 45 pages/cpu s147456 r8192 d28672 u1048576
[    0.000000] PV qspinlock hash table entries: 256 (order: 0, 4096 bytes)
[    0.000000] Built 1 zonelists, mobility grouping on.  Total pages: 257913
[    0.000000] Policy zone: DMA32
[    0.000000] Kernel command line: BOOT_IMAGE=/boot/vmlinuz-4.15.0-144-generic root=LABEL=cloudimg-rootfs ro console=tty1 console=ttyS0
[    0.000000] Memory: 982716K/1048120K available (12300K kernel code, 2483K rwdata, 4316K rodata, 2448K init, 2724K bss, 65404K reserved, 0K cma-reserved)
[    0.000000] SLUB: HWalign=64, Order=0-3, MinObjects=0, CPUs=2, Nodes=1
[    0.000000] ftrace: allocating 39453 entries in 155 pages
[    0.004000] Hierarchical RCU implementation.
[    0.004000] 	RCU restricting CPUs from NR_CPUS=8192 to nr_cpu_ids=2.
[    0.004000] 	Tasks RCU enabled.
[    0.004000] RCU: Adjusting geometry for rcu_fanout_leaf=16, nr_cpu_ids=2
[    0.004000] NR_IRQS: 524544, nr_irqs: 440, preallocated irqs: 16
[    0.004000] Console: colour VGA+ 80x25
[    0.004000] console [tty1] enabled
[    0.004000] console [ttyS0] enabled
[    0.004000] ACPI: Core revision 20170831
[    0.004000] ACPI: 2 ACPI AML tables successfully acquired and loaded
[    0.004000] APIC: Switch to symmetric I/O mode setup
[    0.004000] x2apic enabled
[    0.004000] Switched APIC routing to physical x2apic.
[    0.004000] ..TIMER: vector=0x30 apic1=0 pin1=2 apic2=-1 pin2=-1
[    0.004008] tsc: Detected 2495.298 MHz processor
[    0.004951] Calibrating delay loop (skipped) preset value.. 4990.59 BogoMIPS (lpj=9981192)
[    0.008005] pid_max: default: 32768 minimum: 301
[    0.009004] Security Framework initialized
[    0.009850] Yama: becoming mindful.
[    0.010632] AppArmor: AppArmor initialized
[    0.013953] Dentry cache hash table entries: 131072 (order: 8, 1048576 bytes)
[    0.015307] Inode-cache hash table entries: 65536 (order: 7, 524288 bytes)
[    0.016029] Mount-cache hash table entries: 2048 (order: 2, 16384 bytes)
[    0.017163] Mountpoint-cache hash table entries: 2048 (order: 2, 16384 bytes)
[    0.018679] Last level iTLB entries: 4KB 1024, 2MB 1024, 4MB 512
[    0.020004] Last level dTLB entries: 4KB 1536, 2MB 1536, 4MB 768, 1GB 0
[    0.020950] Spectre V1 : Mitigation: usercopy/swapgs barriers and __user pointer sanitization
[    0.022121] Spectre V2 : Spectre mitigation: LFENCE not serializing, switching to generic retpoline
[    0.023371] Spectre V2 : Mitigation: Full generic retpoline
[    0.024002] Spectre V2 : Spectre v2 / SpectreRSB mitigation: Filling RSB on context switch
[    0.025141] Speculative Store Bypass: Mitigation: Speculative Store Bypass disabled via prctl and seccomp
[    0.026668] Freeing SMP alternatives memory: 36K
[    0.137671] smpboot: CPU0: AMD Ryzen 3 2200U with Radeon Vega Mobile Gfx (family: 0x17, model: 0x11, stepping: 0x0)
[    0.140000] Performance Events: PMU not available due to virtualization, using software events only.
[    0.140000] Hierarchical SRCU implementation.
[    0.142745] NMI watchdog: Perf event create on CPU 0 failed with -2
[    0.144002] NMI watchdog: Perf NMI watchdog permanently disabled
[    0.145021] smp: Bringing up secondary CPUs ...
[    0.145978] x86: Booting SMP configuration:
[    0.146817] .... node  #0, CPUs:      #1
[    0.004000] kvm-clock: cpu 1, msr 0:3ff44041, secondary cpu clock
[    0.152040] smp: Brought up 1 node, 2 CPUs
[    0.152828] smpboot: Max logical packages: 1
[    0.153676] smpboot: Total of 2 processors activated (9981.19 BogoMIPS)
[    0.156101] devtmpfs: initialized
[    0.156146] x86/mm: Memory block size: 128MB
[    0.157953] evm: security.selinux
[    0.159187] evm: security.SMACK64
[    0.160006] evm: security.SMACK64EXEC
[    0.161339] evm: security.SMACK64TRANSMUTE
[    0.162813] evm: security.SMACK64MMAP
[    0.164005] evm: security.apparmor
[    0.165211] evm: security.ima
[    0.166315] evm: security.capability
[    0.168096] clocksource: jiffies: mask: 0xffffffff max_cycles: 0xffffffff, max_idle_ns: 7645041785100000 ns
[    0.172020] futex hash table entries: 512 (order: 3, 32768 bytes)
[    0.176000] pinctrl core: initialized pinctrl subsystem
[    0.176239] RTC time: 14:43:56, date: 06/23/21
[    0.180147] NET: Registered protocol family 16
[    0.181804] audit: initializing netlink subsys (disabled)
[    0.184046] audit: type=2000 audit(1624459441.778:1): state=initialized audit_enabled=0 res=1
[    0.188005] cpuidle: using governor ladder
[    0.189361] cpuidle: using governor menu
[    0.189361] ACPI: bus type PCI registered
[    0.189361] acpiphp: ACPI Hot Plug PCI Controller Driver version: 0.5
[    0.192086] PCI: Using configuration type 1 for base access
[    0.193041] PCI: Using configuration type 1 for extended access
[    0.196079] HugeTLB registered 2.00 MiB page size, pre-allocated 0 pages
[    0.198173] ACPI: Added _OSI(Module Device)
[    0.198173] ACPI: Added _OSI(Processor Device)
[    0.198173] ACPI: Added _OSI(3.0 _SCP Extensions)
[    0.198730] ACPI: Added _OSI(Processor Aggregator Device)
[    0.200003] ACPI: Added _OSI(Linux-Dell-Video)
[    0.200864] ACPI: Added _OSI(Linux-Lenovo-NV-HDMI-Audio)
[    0.201873] ACPI: Added _OSI(Linux-HPI-Hybrid-Graphics)
[    0.204326] ACPI: Executed 1 blocks of module-level executable AML code
[    0.208975] ACPI: Interpreter enabled
[    0.209668] ACPI: (supports S0 S5)
[    0.210298] ACPI: Using IOAPIC for interrupt routing
[    0.211650] PCI: Using host bridge windows from ACPI; if necessary, use "pci=nocrs" and report a bug
[    0.212173] ACPI: Enabled 2 GPEs in block 00 to 07
[    0.220381] ACPI: PCI Root Bridge [PCI0] (domain 0000 [bus 00-ff])
[    0.221530] acpi PNP0A03:00: _OSC: OS supports [ExtendedConfig ASPM ClockPM Segments MSI]
[    0.223984] acpi PNP0A03:00: _OSC: platform does not support [PCIeCapability]
[    0.224473] acpi PNP0A03:00: _OSC: not requesting control; platform does not support [PCIeCapability]
[    0.226109] acpi PNP0A03:00: _OSC: OS requested [PCIeHotplug PME AER PCIeCapability]
[    0.228003] acpi PNP0A03:00: _OSC: platform willing to grant [PCIeHotplug PME AER]
[    0.229361] acpi PNP0A03:00: _OSC failed (AE_SUPPORT); disabling ASPM
[    0.232335] PCI host bridge to bus 0000:00
[    0.233114] pci_bus 0000:00: root bus resource [io  0x0000-0x0cf7 window]
[    0.234341] pci_bus 0000:00: root bus resource [io  0x0d00-0xffff window]
[    0.235534] pci_bus 0000:00: root bus resource [mem 0x000a0000-0x000bffff window]
[    0.236004] pci_bus 0000:00: root bus resource [mem 0x40000000-0xfdffffff window]
[    0.237360] pci_bus 0000:00: root bus resource [bus 00-ff]
[    0.241975] pci 0000:00:01.1: legacy IDE quirk: reg 0x10: [io  0x01f0-0x01f7]
[    0.243212] pci 0000:00:01.1: legacy IDE quirk: reg 0x14: [io  0x03f6]
[    0.244003] pci 0000:00:01.1: legacy IDE quirk: reg 0x18: [io  0x0170-0x0177]
[    0.245250] pci 0000:00:01.1: legacy IDE quirk: reg 0x1c: [io  0x0376]
[    0.269487] pci 0000:00:07.0: quirk: [io  0x4000-0x403f] claimed by PIIX4 ACPI
[    0.271025] pci 0000:00:07.0: quirk: [io  0x4100-0x410f] claimed by PIIX4 SMB
[    0.282192] ACPI: PCI Interrupt Link [LNKA] (IRQs 5 9 10 *11)
[    0.284107] ACPI: PCI Interrupt Link [LNKB] (IRQs 5 9 *10 11)
[    0.285337] ACPI: PCI Interrupt Link [LNKC] (IRQs 5 *9 10 11)
[    0.286558] ACPI: PCI Interrupt Link [LNKD] (IRQs 5 9 10 *11)
[    0.288000] SCSI subsystem initialized
[    0.288096] pci 0000:00:02.0: vgaarb: setting as boot VGA device
[    0.290215] pci 0000:00:02.0: vgaarb: VGA device added: decodes=io+mem,owns=io+mem,locks=none
[    0.292013] pci 0000:00:02.0: vgaarb: bridge control possible
[    0.296005] vgaarb: loaded
[    0.297018] ACPI: bus type USB registered
[    0.298099] usbcore: registered new interface driver usbfs
[    0.299174] usbcore: registered new interface driver hub
[    0.300000] usbcore: registered new device driver usb
[    0.300105] EDAC MC: Ver: 3.0.0
[    0.300418] PCI: Using ACPI for IRQ routing
[    0.302139] NetLabel: Initializing
[    0.304007] NetLabel:  domain hash size = 128
[    0.305870] NetLabel:  protocols = UNLABELED CIPSOv4 CALIPSO
[    0.308056] NetLabel:  unlabeled traffic allowed by default
[    0.312167] clocksource: Switched to clocksource kvm-clock
[    0.324027] VFS: Disk quotas dquot_6.6.0
[    0.324027] VFS: Dquot-cache hash table entries: 512 (order 0, 4096 bytes)
[    0.324027] AppArmor: AppArmor Filesystem Enabled
[    0.324027] pnp: PnP ACPI init
[    0.324027] pnp: PnP ACPI: found 3 devices
[    0.346468] clocksource: acpi_pm: mask: 0xffffff max_cycles: 0xffffff, max_idle_ns: 2085701024 ns
[    0.348064] NET: Registered protocol family 2
[    0.349446] TCP established hash table entries: 8192 (order: 4, 65536 bytes)
[    0.350796] TCP bind hash table entries: 8192 (order: 5, 131072 bytes)
[    0.354384] TCP: Hash tables configured (established 8192 bind 8192)
[    0.355762] UDP hash table entries: 512 (order: 2, 16384 bytes)
[    0.356937] UDP-Lite hash table entries: 512 (order: 2, 16384 bytes)
[    0.358321] NET: Registered protocol family 1
[    0.358351] pci 0000:00:00.0: Limiting direct PCI/PCI transfers
[    0.358351] pci 0000:00:01.0: Activating ISA DMA hang workarounds
[    0.358351] pci 0000:00:02.0: Video device with shadowed ROM at [mem 0x000c0000-0x000dffff]
[    0.358351] Unpacking initramfs...
[    0.358351] Freeing initrd memory: 19520K
[    0.358351] clocksource: tsc: mask: 0xffffffffffffffff max_cycles: 0x23f7e005d92, max_idle_ns: 440795271143 ns
[    0.358351] platform rtc_cmos: registered platform RTC device (no PNP device found)
[    0.358351] Scanning for low memory corruption every 60 seconds
[    0.674197] Initialise system trusted keyrings
[    0.675851] Key type blacklist registered
[    0.677542] workingset: timestamp_bits=36 max_order=18 bucket_order=0
[    0.679968] zbud: loaded
[    0.681903] squashfs: version 4.0 (2009/01/31) Phillip Lougher
[    0.684327] fuse init (API version 7.26)
[    0.691440] Key type asymmetric registered
[    0.692311] Asymmetric key parser 'x509' registered
[    0.693312] Block layer SCSI generic (bsg) driver version 0.4 loaded (major 246)
[    0.694951] io scheduler noop registered
[    0.696401] io scheduler deadline registered
[    0.697975] io scheduler cfq registered (default)
[    0.700254] ACPI: AC Adapter [AC] (on-line)
[    0.701793] input: Power Button as /devices/LNXSYSTM:00/LNXPWRBN:00/input/input0
[    0.704397] ACPI: Power Button [PWRF]
[    0.705838] input: Sleep Button as /devices/LNXSYSTM:00/LNXSLPBN:00/input/input1
[    0.708362] ACPI: Sleep Button [SLPF]
[    0.710172] Serial: 8250/16550 driver, 32 ports, IRQ sharing enabled
[    0.711658] ACPI: Battery Slot [BAT0] (battery present)
[    0.731937] 00:02: ttyS0 at I/O 0x3f8 (irq = 4, base_baud = 115200) is a 16550A
[    0.742495] Linux agpgart interface v0.103
[    0.746353] loop: module loaded
[    0.747661] scsi host0: ata_piix
[    0.749392] scsi host1: ata_piix
[    0.750084] ata1: PATA max UDMA/33 cmd 0x1f0 ctl 0x3f6 bmdma 0xd000 irq 14
[    0.751366] ata2: PATA max UDMA/33 cmd 0x170 ctl 0x376 bmdma 0xd008 irq 15
[    0.752994] libphy: Fixed MDIO Bus: probed
[    0.753743] tun: Universal TUN/TAP device driver, 1.6
[    0.754946] PPP generic driver version 2.4.2
[    0.755987] ehci_hcd: USB 2.0 'Enhanced' Host Controller (EHCI) Driver
[    0.757246] ehci-pci: EHCI PCI platform driver
[    0.758149] ehci-platform: EHCI generic platform driver
[    0.759160] ohci_hcd: USB 1.1 'Open' Host Controller (OHCI) Driver
[    0.760346] ohci-pci: OHCI PCI platform driver
[    0.761238] ohci-platform: OHCI generic platform driver
[    0.762254] uhci_hcd: USB Universal Host Controller Interface driver
[    0.763511] i8042: PNP: PS/2 Controller [PNP0303:PS2K,PNP0f03:PS2M] at 0x60,0x64 irq 1,12
[    0.765639] serio: i8042 KBD port at 0x60,0x64 irq 1
[    0.766624] serio: i8042 AUX port at 0x60,0x64 irq 12
[    0.767927] mousedev: PS/2 mouse device common for all mice
[    0.769630] input: AT Translated Set 2 keyboard as /devices/platform/i8042/serio0/input/input2
[    0.771887] rtc_cmos rtc_cmos: rtc core: registered rtc_cmos as rtc0
[    0.773190] rtc_cmos rtc_cmos: alarms up to one day, 114 bytes nvram
[    0.774396] i2c /dev entries driver
[    0.775222] device-mapper: uevent: version 1.0.3
[    0.776350] device-mapper: ioctl: 4.37.0-ioctl (2017-09-20) initialised: dm-devel@redhat.com
[    0.778070] ledtrig-cpu: registered to indicate activity on CPUs
[    0.780178] NET: Registered protocol family 10
[    0.787664] Segment Routing with IPv6
[    0.788593] NET: Registered protocol family 17
[    0.789621] Key type dns_resolver registered
[    0.791540] mce: Using 0 MCE banks
[    0.792904] RAS: Correctable Errors collector initialized.
[    0.794888] sched_clock: Marking stable (792850069, 0)->(992114643, -199264574)
[    0.798248] registered taskstats version 1
[    0.799687] Loading compiled-in X.509 certificates
[    0.804234] Loaded X.509 cert 'Build time autogenerated kernel key: 1e5516648b223d94d04ce7d99e6048c9b3ebcb77'
[    0.806665] Loaded X.509 cert 'Canonical Ltd. Live Patch Signing: 14df34d1a87cf37625abec039ef2bf521249b969'
[    0.808940] Loaded X.509 cert 'Canonical Ltd. Kernel Module Signing: 88f752e560a1e0737e31163a466ad7b70a850c19'
[    0.810750] zswap: loaded using pool lzo/zbud
[    0.816388] Key type big_key registered
[    0.817121] Key type trusted registered
[    0.820164] Key type encrypted registered
[    0.820965] AppArmor: AppArmor sha1 policy hashing enabled
[    0.821977] ima: No TPM chip found, activating TPM-bypass! (rc=-19)
[    0.823205] ima: Allocated hash algorithm: sha1
[    0.824128] evm: HMAC attrs: 0x1
[    0.825053]   Magic number: 9:896:738
[    0.825830] rtc_cmos rtc_cmos: setting system clock to 2021-06-23 14:43:56 UTC (1624459436)
[    0.827566] BIOS EDD facility v0.16 2004-Jun-25, 0 devices found
[    0.829386] EDD information not available.
[    0.977515] Freeing unused kernel image memory: 2448K
[    0.996204] Write protecting the kernel read-only data: 20480k
[    1.000123] Freeing unused kernel image memory: 2008K
[    1.002838] Freeing unused kernel image memory: 1828K
[    1.021719] x86/mm: Checked W+X mappings: passed, no W+X pages found.
Loading, please wait...
starting version 237
[    1.118502] Fusion MPT base driver 3.04.20
[    1.119607] Copyright (c) 1999-2008 LSI Corporation
[    1.128611] Fusion MPT SPI Host driver 3.04.20
[    1.131240] e1000: Intel(R) PRO/1000 Network Driver - version 7.3.21-k8-NAPI
[    1.132732] e1000: Copyright (c) 1999-2006 Intel Corporation.
[    1.134211] mptbase: ioc0: Initiating bringup
[    1.148049] AVX2 version of gcm_enc/dec engaged.
[    1.148915] AES CTR mode by8 optimization enabled
[    1.392645] ioc0: LSI53C1030 A0: Capabilities={Initiator}
[    1.394888] input: ImExPS/2 Generic Explorer Mouse as /devices/platform/i8042/serio1/input/input4
[    1.784053] scsi host2: ioc0: LSI53C1030 A0, FwRev=00000000h, Ports=1, MaxQ=256, IRQ=20
[    2.477556] scsi 2:0:0:0: Direct-Access     VBOX     HARDDISK         1.0  PQ: 0 ANSI: 5
[    2.599215] scsi target2:0:0: Beginning Domain Validation
[    2.603085] scsi target2:0:0: Domain Validation skipping write tests
[    2.605492] scsi target2:0:0: Ending Domain Validation
[    2.607540] scsi target2:0:0: asynchronous
[    2.609757] scsi 2:0:1:0: Direct-Access     VBOX     HARDDISK         1.0  PQ: 0 ANSI: 5
[    2.904104] scsi target2:0:1: Beginning Domain Validation
[    2.907936] random: fast init done
[    2.909601] scsi target2:0:1: Domain Validation skipping write tests
[    2.911707] scsi target2:0:1: Ending Domain Validation
[    2.913565] scsi target2:0:1: asynchronous
[    2.921945] random: systemd-udevd: uninitialized urandom read (16 bytes read)
[    2.922073] sd 2:0:0:0: [sda] 83886080 512-byte logical blocks: (42.9 GB/40.0 GiB)
[    2.924619] random: systemd-udevd: uninitialized urandom read (16 bytes read)
[    2.928058] sd 2:0:0:0: [sda] Write Protect is off
[    2.928944] random: systemd-udevd: uninitialized urandom read (16 bytes read)
[    2.932249] sd 2:0:0:0: Attached scsi generic sg0 type 0
[    2.934828] sd 2:0:0:0: [sda] Incomplete mode parameter data
[    2.937002] sd 2:0:1:0: Attached scsi generic sg1 type 0
[    2.940649] sd 2:0:0:0: [sda] Assuming drive cache: write through
[    2.942894] sd 2:0:1:0: [sdb] 20480 512-byte logical blocks: (10.5 MB/10.0 MiB)
[    2.944400] sd 2:0:1:0: [sdb] Write Protect is off
[    2.945452] sd 2:0:1:0: [sdb] Incomplete mode parameter data
[    2.947304] sd 2:0:1:0: [sdb] Assuming drive cache: write through
[    2.950123]  sda: sda1
[    2.952273] sd 2:0:0:0: [sda] Attached SCSI disk
[    2.954760] sd 2:0:1:0: [sdb] Attached SCSI disk
[    2.966226] e1000 0000:00:03.0 eth0: (PCI:33MHz:32-bit) 02:98:b0:9b:6c:78
[    2.967486] e1000 0000:00:03.0 eth0: Intel(R) PRO/1000 Network Connection
[    2.969974] e1000 0000:00:03.0 enp0s3: renamed from eth0
Begin: Loading essential drivers ... [    4.700781] raid6: sse2x1   gen()  7081 MB/s
[    4.748754] raid6: sse2x1   xor()  6839 MB/s
[    4.796025] raid6: sse2x2   gen() 14214 MB/s
[    4.844024] raid6: sse2x2   xor()  9137 MB/s
[    4.892744] raid6: sse2x4   gen() 14492 MB/s
[    4.940032] raid6: sse2x4   xor()  4076 MB/s
[    4.988756] raid6: avx2x1   gen()  8070 MB/s
[    5.036019] raid6: avx2x1   xor()  8232 MB/s
[    5.084732] raid6: avx2x2   gen() 17039 MB/s
[    5.132756] raid6: avx2x2   xor()  5626 MB/s
[    5.180744] raid6: avx2x4   gen() 12474 MB/s
[    5.228021] raid6: avx2x4   xor()  7956 MB/s
[    5.228985] raid6: using algorithm avx2x2 gen() 17039 MB/s
[    5.230069] raid6: .... xor() 5626 MB/s, rmw enabled
[    5.231029] raid6: using avx2x2 recovery algorithm
[    5.233568] xor: automatically using best checksumming function   avx       
[    5.236309] async_tx: api initialized (async)
done.
Begin: Running /scripts/init-premount ... done.
Begin: Mounting root file system ... Begin: Running /scripts/local-top ... done.
Begin: Running /scripts/local-premount ... [    5.315818] Btrfs loaded, crc32c=crc32c-intel
Scanning for Btrfs filesystems
done.
Warning: fsck not present, so skipping root file system
[    5.374124] EXT4-fs (sda1): mounted filesystem with ordered data mode. Opts: (null)
done.
Begin: Running /scripts/local-bottom ... done.
Begin: Running /scripts/init-bottom ... done.
[    5.751104] ip_tables: (C) 2000-2006 Netfilter Core Team
[    5.776813] systemd[1]: systemd 237 running in system mode. (+PAM +AUDIT +SELINUX +IMA +APPARMOR +SMACK +SYSVINIT +UTMP +LIBCRYPTSETUP +GCRYPT +GNUTLS +ACL +XZ +LZ4 +SECCOMP +BLKID +ELFUTILS +KMOD -IDN2 +IDN -PCRE2 default-hierarchy=hybrid)
[    5.782905] systemd[1]: Detected virtualization oracle.
[    5.785201] systemd[1]: Detected architecture x86-64.

Welcome to [1mUbuntu 18.04.5 LTS[0m!

[    5.809488] systemd[1]: Set hostname to <ubuntu>.
[    5.826967] systemd[1]: Initializing machine ID from random generator.
[    5.828393] systemd[1]: Installed transient /etc/machine-id file.
[    6.406282] systemd[1]: Reached target Swap.
[[0;32m  OK  [0m] Reached target Swap.
[    6.411339] systemd[1]: Created slice System Slice.
[[0;32m  OK  [0m] Created slice System Slice.
[    6.414022] systemd[1]: Listening on Journal Socket (/dev/log).
[[0;32m  OK  [0m] Listening on Journal Socket (/dev/log).
[    6.417703] systemd[1]: Created slice system-serial\x2dgetty.slice.
[[0;32m  OK  [0m] Created slice system-serial\x2dgetty.slice.
[[0;32m  OK  [0m] Listening on Syslog Socket.
[[0;32m  OK  [0m] Set up automount Arbitrary Executab…rmats File System Automount Point.
[[0;32m  OK  [0m] Listening on fsck to fsckd communication Socket.
[[0;32m  OK  [0m] Listening on Device-mapper event daemon FIFOs.
[[0;32m  OK  [0m] Listening on LVM2 poll daemon socket.
[[0;32m  OK  [0m] Listening on Journal Audit Socket.
[[0;32m  OK  [0m] Reached target System Time Synchronized.
[[0;32m  OK  [0m] Reached target User and Group Name Lookups.
[[0;32m  OK  [0m] Listening on LVM2 metadata daemon socket.
[[0;32m  OK  [0m] Listening on udev Control Socket.
[[0;32m  OK  [0m] Listening on Network Service Netlink Socket.
[[0;32m  OK  [0m] Listening on udev Kernel Socket.
[[0;32m  OK  [0m] Listening on Journal Socket.
         Mounting Kernel Debug File System...
         Starting Monitoring of LVM2 mirrors…ng dmeventd or progress polling...
         Starting File System Check on Root Device...
         Starting Set the console keyboard layout...
         Starting Create list of required st…ce nodes for the current kernel...
         Mounting Huge Pages File System...
         Starting Load Kernel Modules...
         Mounting POSIX Message Queue File System...
[[0;32m  OK  [0m] Created slice User and Session Slice.
[[0;32m  OK  [0m] Reached target Slices.
[[0;32m  OK  [0m] Listening on /dev/initctl Compatibility Named Pipe.
[    6.733670] Loading iSCSI transport class v2.0-870.
         Starting Uncomplicated firewall...
         Starting Journal Service...
         Starting udev Coldplug all Devices...
[[0;32m  OK  [0m] Started Forward Password Requests to Wall Directory Watch.
[[0;32m  OK  [0m] Mounted Kernel Debug File System.
[[0;32m  OK  [0m] Started Create list of required sta…vice nodes for the current kernel.
[[0;32m  OK  [0m] Mounted Huge Pages File System.
[[0;32m  OK  [0m] Mounted POSIX Message Queue File System.
[[0;32m  OK  [0m] Started File System Check Daemon to report status.
         Starting Create Static Device Nodes in /dev...
[[0;32m  OK  [0m] Started File System Check on Root Device.
         Starting Remount Root and Kernel File Systems...
[[0;32m  OK  [0m] Started LVM2 metadata daemon.
[    6.831183] iscsi: registered transport (tcp)
[[0;32m  OK  [0m] Started Uncomplicated firewall.
[[0;32m  OK  [0m] Started Journal Service.
[[0;32m  OK  [0m] Started udev Coldplug all Devices.
[    6.977414] iscsi: registered transport (iser)
[[0;32m  OK  [0m] Started Load Kernel Modules.
         Starting Apply Kernel Variables...
         Mounting FUSE Control File System...
         Mounting Kernel Configuration File System...
[[0;32m  OK  [0m] Mounted FUSE Control File System.
[    6.991431] EXT4-fs (sda1): re-mounted. Opts: (null)
[[0;32m  OK  [0m] Started Remount Root and Kernel File Systems.
[[0;32m  OK  [0m] Started Create Static Device Nodes in /dev.
[[0;32m  OK  [0m] Mounted Kernel Configuration File System.
         Starting Load/Save Random Seed...
         Starting Flush Journal to Persistent Storage...
         Starting udev Kernel Device Manager...
[[0;32m  OK  [0m] Started Load/Save Random Seed.
[[0;32m  OK  [0m] Started Monitoring of LVM2 mirrors,…sing dmeventd or progress polling.
[[0;32m  OK  [0m] Started Set the console keyboard layout.
[[0;32m  OK  [0m] Reached target Local File Systems (Pre).
[[0;32m  OK  [0m] Reached target Local File Systems.
         Starting Commit a transient machine-id on disk...
         Starting Set console font and keymap...
         Starting Tell Plymouth To Write Out Runtime Data...
         Starting AppArmor initialization...
         Starting ebtables ruleset management...
[[0;32m  OK  [0m] Started udev Kernel Device Manager.
[[0;32m  OK  [0m] Started Dispatch Password Requests to Console Directory Watch.
[[0;32m  OK  [0m] Reached target Local Encrypted Volumes.
[[0;32m  OK  [0m] Started Apply Kernel Variables.
[[0;32m  OK  [0m] Started Set console font and keymap.
[[0;32m  OK  [0m] Started Tell Plymouth To Write Out Runtime Data.
[[0;32m  OK  [0m] Started Flush Journal to Persistent Storage.
         Starting Create Volatile Files and Directories...
[[0;32m  OK  [0m] Started Commit a transient machine-id on disk.
[[0;32m  OK  [0m] Started Create Volatile Files and Directories.
         Starting Update UTMP about System Boot/Shutdown...
[[0;32m  OK  [0m] Started Update UTMP about System Boot/Shutdown.
[[0;32m  OK  [0m] Started ebtables ruleset management.
[[0;32m  OK  [0m] Found device /dev/ttyS0.
[[0;32m  OK  [0m] Listening on Load/Save RF Kill Switch Status /dev/rfkill Watch.
[[0;32m  OK  [0m] Started AppArmor initialization.
         Starting Load AppArmor profiles managed internally by snapd...
         Starting Initial cloud-init job (pre-networking)...
[[0;32m  OK  [0m] Started Load AppArmor profiles managed internally by snapd.
[   10.331657] cloud-init[567]: Cloud-init v. 21.1-19-gbad84ad4-0ubuntu1~18.04.2 running 'init-local' at Wed, 23 Jun 2021 14:44:05 +0000. Up 9.74 seconds.
[[0;32m  OK  [0m] Started Initial cloud-init job (pre-networking).
[[0;32m  OK  [0m] Reached target Network (Pre).
         Starting Network Service...
[[0;32m  OK  [0m] Started Network Service.
         Starting Wait for Network to be Configured...
         Starting Network Name Resolution...
[[0;32m  OK  [0m] Started Network Name Resolution.
[[0;32m  OK  [0m] Reached target Host and Network Name Lookups.
[[0;32m  OK  [0m] Reached target Network.
[[0;32m  OK  [0m] Started Wait for Network to be Configured.
         Starting Initial cloud-init job (metadata service crawler)...
[   12.569376] cloud-init[684]: Cloud-init v. 21.1-19-gbad84ad4-0ubuntu1~18.04.2 running 'init' at Wed, 23 Jun 2021 14:44:08 +0000. Up 12.35 seconds.
[   12.572249] cloud-init[684]: ci-info: ++++++++++++++++++++++++++++++++++++++Net device info++++++++++++++++++++++++++++++++++++++
[   12.574509] cloud-init[684]: ci-info: +--------+------+----------------------------+---------------+--------+-------------------+
[   12.575873] cloud-init[684]: ci-info: | Device |  Up  |          Address           |      Mask     | Scope  |     Hw-Address    |
[   12.577606] cloud-init[684]: ci-info: +--------+------+----------------------------+---------------+--------+-------------------+
[   12.579167] cloud-init[684]: ci-info: | enp0s3 | True |         10.0.2.15          | 255.255.255.0 | global | 02:98:b0:9b:6c:78 |
[   12.581784] cloud-init[684]: ci-info: | enp0s3 | True | fe80::98:b0ff:fe9b:6c78/64 |       .       |  link  | 02:98:b0:9b:6c:78 |
[   12.583435] cloud-init[684]: ci-info: |   lo   | True |         127.0.0.1          |   255.0.0.0   |  host  |         .         |
[   12.585121] cloud-init[684]: ci-info: |   lo   | True |          ::1/128           |       .       |  host  |         .         |
[   12.586734] cloud-init[684]: ci-info: +--------+------+----------------------------+---------------+--------+-------------------+
[   12.588413] cloud-init[684]: ci-info: ++++++++++++++++++++++++++++Route IPv4 info+++++++++++++++++++++++++++++
[   12.589878] cloud-init[684]: ci-info: +-------+-------------+----------+-----------------+-----------+-------+
[   12.591363] cloud-init[684]: ci-info: | Route | Destination | Gateway  |     Genmask     | Interface | Flags |
[   12.592867] cloud-init[684]: ci-info: +-------+-------------+----------+-----------------+-----------+-------+
[   12.604498] cloud-init[684]: ci-info: |   0   |   0.0.0.0   | 10.0.2.2 |     0.0.0.0     |   enp0s3  |   UG  |
[   12.605968] cloud-init[684]: ci-info: |   1   |   10.0.2.0  | 0.0.0.0  |  255.255.255.0  |   enp0s3  |   U   |
[   12.607409] cloud-init[684]: ci-info: |   2   |   10.0.2.2  | 0.0.0.0  | 255.255.255.255 |   enp0s3  |   UH  |
[   12.609402] cloud-init[684]: ci-info: +-------+-------------+----------+-----------------+-----------+-------+
[   12.612598] cloud-init[684]: ci-info: +++++++++++++++++++Route IPv6 info+++++++++++++++++++
[   12.613957] cloud-init[684]: ci-info: +-------+-------------+---------+-----------+-------+
[   12.615146] cloud-init[684]: ci-info: | Route | Destination | Gateway | Interface | Flags |
[   12.616522] cloud-init[684]: ci-info: +-------+-------------+---------+-----------+-------+
[   12.617664] cloud-init[684]: ci-info: |   1   |  fe80::/64  |    ::   |   enp0s3  |   U   |
[   12.633185] cloud-init[684]: ci-info: |   3   |    local    |    ::   |   enp0s3  |   U   |
[   12.634481] cloud-init[684]: ci-info: |   4   |   ff00::/8  |    ::   |   enp0s3  |   U   |
[   12.635608] cloud-init[684]: ci-info: +-------+-------------+---------+-----------+-------+
[   13.691241] cloud-init[684]: Generating public/private rsa key pair.
[   13.700582] cloud-init[684]: Your identification has been saved in /etc/ssh/ssh_host_rsa_key.
[   13.702464] cloud-init[684]: Your public key has been saved in /etc/ssh/ssh_host_rsa_key.pub.
[   13.704597] cloud-init[684]: The key fingerprint is:
[   13.705705] cloud-init[684]: SHA256:CZU19srZcbUi7SwhwISEPJoG+mwSqbMaQ/okeapQeEg root@ubuntu-bionic
[   13.717002] cloud-init[684]: The key's randomart image is:
[   13.728811] cloud-init[684]: +---[RSA 2048]----+
[   13.729962] cloud-init[684]: |  . o.+o.o+     .|
[   13.731027] cloud-init[684]: |.  + . oo. o.  ..|
[   13.732001] cloud-init[684]: |oEo . .  . ooo.. |
[   13.733261] cloud-init[684]: |=*     . o.+=o.  |
[   13.735828] cloud-init[684]: |==o     S +..o   |
[   13.748599] cloud-init[684]: |*++         .    |
[   13.751183] cloud-init[684]: |B=o              |
[   13.751963] cloud-init[684]: |oO               |
[   13.752700] cloud-init[684]: |* .              |
[   13.753339] cloud-init[684]: +----[SHA256]-----+
[   13.754084] cloud-init[684]: Generating public/private dsa key pair.
[   13.754866] cloud-init[684]: Your identification has been saved in /etc/ssh/ssh_host_dsa_key.
[   13.755908] cloud-init[684]: Your public key has been saved in /etc/ssh/ssh_host_dsa_key.pub.
[   13.757084] cloud-init[684]: The key fingerprint is:
[   13.757868] cloud-init[684]: SHA256:GVIl96AG0elckEYvMmcjAW6XN11FDJRG821BlMhn544 root@ubuntu-bionic
[   13.759117] cloud-init[684]: The key's randomart image is:
[   13.759956] cloud-init[684]: +---[DSA 1024]----+
[   13.760993] cloud-init[684]: |    ..++==+oB**+.|
[   13.761819] cloud-init[684]: |   .   ==*.+o=.=o|
[   13.762599] cloud-init[684]: |    o B+@.o.. +.+|
[   13.763247] cloud-init[684]: |   . . Xo*     ..|
[   13.763912] cloud-init[684]: |        S      o |
[   13.764721] cloud-init[684]: |              E .|
[   13.765508] cloud-init[684]: |                 |
[   13.766324] cloud-init[684]: |                 |
[   13.767083] cloud-init[684]: |                 |
[   13.768117] cloud-init[684]: +----[SHA256]-----+
[   13.769153] cloud-init[684]: Generating public/private ecdsa key pair.
[   13.770378] cloud-init[684]: Your identification has been saved in /etc/ssh/ssh_host_ecdsa_key.
[   13.772951] cloud-init[684]: Your public key has been saved in /etc/ssh/ssh_host_ecdsa_key.pub.
[   13.774306] cloud-init[684]: The key fingerprint is:
[   13.775372] cloud-init[684]: SHA256:MFe34iVh+ernJ6TmUMbtqCab5fOZxqwue3RmHA21IHY root@ubuntu-bionic
[   13.777074] cloud-init[684]: The key's randomart image is:
[   13.777873] cloud-init[684]: +---[ECDSA 256]---+
[   13.778518] cloud-init[684]: |        o Eoo    |
[   13.779305] cloud-init[684]: |       . =o+ o   |
[   13.788404] cloud-init[684]: |      o . o++    |
[   13.789358] cloud-init[684]: |       + o.=o    |
[   13.791231] cloud-init[684]: |        S.=o.    |
[   13.792175] cloud-init[684]: |        .o*o.    |
[   13.793300] [[0;32m  OK  [0m] Started Initial cloud-init job (metadata service crawler).
cloud-init[684]: |       .oB.o.    |
[[0;32m  OK  [0m] Reached target Cloud-config availability.
[[0;32m  OK  [0m] Reached target System Initialization.
[[0;32m  OK  [0m] Started Ubuntu Advantage update messaging.
[[0;32m  OK  [0m] Started Message of the Day.
[[0;32m  OK  [0m] Started Daily apt download activities.
[   13.795588] cloud-init[684]: |      o++oBoo .  |
[   13.799687] cloud-init[684]: |      +O=B=o.o   |
[   13.799783] cloud-init[684]: +----[SHA256]-----+
[   13.800255] cloud-init[684]: Generating public/private ed25519 key pair.
[   13.800701] cloud-init[684]: Your identification has been saved in /etc/ssh/ssh_host_ed25519_key.
[   13.802109] cloud-init[684]: Your public key has been saved in /etc/ssh/ssh_host_ed25519_key.pub.
[   13.802882] cloud-init[684]: The key fingerprint is:
[   13.803705] cloud-init         Starting LXD - unix socket.
[[0;32m  OK  [0m] Started Discard unused blocks once a week.
[[0;32m  OK  [0m] Started Daily Cleanup of Temporary Directories.
[[0;32m  OK  [0m] Listening on ACPID Listen Socket.
[[0;32m  OK  [0m] Listening on D-Bus System Message Bus Socket.
[684]: SHA256:TjY5r5+xrxTDQPsr4H63SlewRuBjELPHQxA/SKuhsTA root@ubuntu-bionic
[[0;32m  OK  [0m] Started ACPI Events Check.
[[0;32m  OK  [0m] Reached target Paths.
[[0;32m  OK  [0m] Listening on Open-iSCSI iscsid Socket.
         Starting Socket activation for snappy daemon.
[[0;32m  OK  [0m] Listening on UUID daemon activation socket.
[[0;32m  OK  [0m] Started Daily apt upgrade and clean activities.
[   13.820517] [[0;32m  OK  [0m] Reached target Timers.
[[0;32m  OK  [0m] Reached target Network is Online.
cloud-init[684]: The key's randomart image is:[[0;32m  OK  [0m] Reached target Remote File Systems (Pre).
[[0;32m  OK  [0m] Reached target Remote File Systems.

[   13.835164] cloud-init[684]:          Starting Availability of block devices...
[[0;32m  OK  [0m] Listening on LXD - unix socket.
[[0;32m  OK  [0m] Listening on Socket activation for snappy daemon.
[[0;32m  OK  [0m] Reached target Sockets.
[[0;32m  OK  [0m] Reached target Basic System.
+--[ED25519 256]--+
[   13.840520] cloud-init[684]: |      B++        |
[   13.841264] cloud-init[684]: |     . % o       |
[   13.842138] cloud-init[684]: |E . . + % o      |
[   13.843155]          Starting LSB: automatic crash report generation...
[[0;32m  OK  [0m] Started Deferred execution scheduler.
[[0;32m  OK  [0m] Started FUSE filesystem for LXC.
cloud-init[684]: | o + o o X o     |
[   13.851009] cloud-init[684]: |  o . . S B .    |
[   13.852715] cloud-init[684]: |     . = = =     |
[   13.854367] cloud-init[684]: |      . + *      |
[   13.857870] cloud-init[684]: |     . ..=.+     |
[   13.860077] cloud-init[684]: |      ..o+*+.    |
[[0;32m  OK  [0m] Started irqbalance daemon.
[   13.865629] cloud-init[684]: +----[SHA256]-----+
         Starting Dispatcher daemon for systemd-networkd...
         Starting Permit User Sessions...
[[0;32m  OK  [0m] Started D-Bus System Message Bus.
         Starting LSB: Record successful boot for GRUB...
         Starting System Logging Service...
         Starting Pollinate to seed the pseudo random number generator...
         Starting Virtualbox guest utils...
[[0;32m  OK  [0m] Started Regular background program processing daemon.
         Starting Login Service...
         Starting Accounts Service...
         Starting Snap Daemon...
         Starting LXD - container startup/shutdown...
[[0;32m  OK  [0m] Started System Logging Service.
[[0;32m  OK  [0m] Started Availability of block devices.
[[0;32m  OK  [0m] Started Permit User Sessions.
[[0;32m  OK  [0m] Started Login Service.
[[0;32m  OK  [0m] Started Unattended Upgrades Shutdown.
         Starting Terminate Plymouth Boot Screen...
         Starting Hold until boot process finishes up...
[[0;32m  OK  [0m] Started Hold until boot process finishes up.
[[0;32m  OK  [0m] Started Terminate Plymouth Boot Screen.
         Starting Set console scheme...
[[0;32m  OK  [0m] Started Serial Getty on ttyS0.
[[0;32m  OK  [0m] Started Set console scheme.
[[0;32m  OK  [0m] Created slice system-getty.slice.
[[0;32m  OK  [0m] Started Getty on tty1.
[[0;32m  OK  [0m] Reached target Login Prompts.
         Starting Authorization Manager...
[[0;32m  OK  [0m] Started LSB: automatic crash report generation.
[[0;32m  OK  [0m] Started LSB: Record successful boot for GRUB.
[[0;32m  OK  [0m] Started Dispatcher daemon for systemd-networkd.
[[0;32m  OK  [0m] Started Authorization Manager.
[[0;32m  OK  [0m] Started Accounts Service.
[[0;32m  OK  [0m] Started Virtualbox guest utils.
[[0;32m  OK  [0m] Started LXD - container startup/shutdown.
[[0;32m  OK  [0m] Started Snap Daemon.
         Starting Wait until snapd is fully seeded...
[[0;32m  OK  [0m] Started Pollinate to seed the pseudo random number generator.
         Starting OpenBSD Secure Shell server...
[[0;32m  OK  [0m] Started OpenBSD Secure Shell server.
[[0;32m  OK  [0m] Created slice User Slice of vagrant.
         Starting User Manager for UID 1000...
[[0;32m  OK  [0m] Started Session 1 of user vagrant.
[[0;32m  OK  [0m] Started User Manager for UID 1000.
[[0;32m  OK  [0m] Started Wait until snapd is fully seeded.
[[0;32m  OK  [0m] Reached target Multi-User System.
[[0;32m  OK  [0m] Reached target Graphical Interface.
         Starting Update UTMP about System Runlevel Changes...
         Starting Apply the settings specified in cloud-config...
[[0;32m  OK  [0m] Started Update UTMP about System Runlevel Changes.
[   19.200924] cloud-init[1306]: Cloud-init v. 21.1-19-gbad84ad4-0ubuntu1~18.04.2 running 'modules:config' at Wed, 23 Jun 2021 14:44:14 +0000. Up 18.53 seconds.
ci-info: no authorized SSH keys fingerprints found for user ubuntu.
<14>Jun 23 14:44:15 ec2: 
<14>Jun 23 14:44:15 ec2: #############################################################
<14>Jun 23 14:44:15 ec2: -----BEGIN SSH HOST KEY FINGERPRINTS-----
<14>Jun 23 14:44:15 ec2: 1024 SHA256:GVIl96AG0elckEYvMmcjAW6XN11FDJRG821BlMhn544 root@ubuntu-bionic (DSA)
<14>Jun 23 14:44:15 ec2: 256 SHA256:MFe34iVh+ernJ6TmUMbtqCab5fOZxqwue3RmHA21IHY root@ubuntu-bionic (ECDSA)
<14>Jun 23 14:44:15 ec2: 256 SHA256:TjY5r5+xrxTDQPsr4H63SlewRuBjELPHQxA/SKuhsTA root@ubuntu-bionic (ED25519)
<14>Jun 23 14:44:15 ec2: 2048 SHA256:CZU19srZcbUi7SwhwISEPJoG+mwSqbMaQ/okeapQeEg root@ubuntu-bionic (RSA)
<14>Jun 23 14:44:15 ec2: -----END SSH HOST KEY FINGERPRINTS-----
<14>Jun 23 14:44:15 ec2: #############################################################
-----BEGIN SSH HOST KEY KEYS-----
ecdsa-sha2-nistp256 AAAAE2VjZHNhLXNoYTItbmlzdHAyNTYAAAAIbmlzdHAyNTYAAABBBOede40V3uAJ8qFVA8c7D7+sd2Pgtmw4Vus+gypsllAq/+cRkmgMICGh66Tpgkp6WO0P44nphU4XCYZEZmqNkyY= root@ubuntu-bionic
ssh-ed25519 AAAAC3NzaC1lZDI1NTE5AAAAIC2jI69f83TbygX48jibCJOeUgBcmxwPe12DxwZdOaff root@ubuntu-bionic
ssh-rsa AAAAB3NzaC1yc2EAAAADAQABAAABAQCtgjf4T/ncm4LvJDodacQ5oBfshhKa5Zh4F1cNWeYunjouEwmiIQsgVJZYMSw4+VuSMrhbTAyYG5wbo25WxaiEf4NZAEVJtqGiGGNMJ7Yr64PUZh0kFPV+7oQ0tTgzCPqa/THS9EM63iKkB8G0Tz0dNxHOmnB1BTYs5085u+iMyEwkHKxWnby1cA0xJQkNzYQvJdKrvKjn9j89es0ntnXW2KvWUIpw2+VxMnDsqzt9ljEWk8egmwDBhxqTcG+hXhfVc3OQxiS3mcxCWa8CxAvIT9elAdPiiy/XCe4JTSr5biA+b2H2cqDVNSABT24QXjXe//mMq0MYGz5baWUActmB root@ubuntu-bionic
-----END SSH HOST KEY KEYS-----
[   19.979415] cloud-init[1416]: Cloud-init v. 21.1-19-gbad84ad4-0ubuntu1~18.04.2 running 'modules:final' at Wed, 23 Jun 2021 14:44:15 +0000. Up 19.79 seconds.
[   19.980851] cloud-init[1416]: ci-info: no authorized SSH keys fingerprints found for user ubuntu.
[   19.987092] cloud-init[1416]: Cloud-init v. 21.1-19-gbad84ad4-0ubuntu1~18.04.2 finished at Wed, 23 Jun 2021 14:44:15 +0000. Datasource DataSourceNoCloud [seed=/dev/sdb][dsmode=net].  Up 19.96 seconds

Ubuntu 18.04.5 LTS ubuntu-bionic ttyS0

ubuntu-bionic login: 